[2012/12/21 22:42:19][error] CLIError: Errno::ENOENT: No such file or directory - ../../config/application.yml
[2012/12/21 22:42:57][error] CLIError: Errno::ENOENT: No such file or directory - ../../application.yml
[2012/12/21 22:43:17][error] CLIError: Errno::ENOENT: No such file or directory - ../application.yml
[2012/12/21 22:44:15][error] CLIError: Errno::ENOENT: No such file or directory - ./../application.yml
[2012/12/21 22:44:25][error] CLIError: Errno::ENOENT: No such file or directory - ./../../application.yml
[2012/12/21 22:45:27][error] CLIError: Errno::ENOENT: No such file or directory - /Users/jasl/workspace/ruby/start_up_private/(eval)
[2012/12/21 22:45:53][error] CLIError: Errno::ENOENT: No such file or directory - /Users/jasl/workspace/ruby/start_up_private/(eval)
[2012/12/21 22:47:09][error] CLIError: Errno::ENOENT: No such file or directory - /Users/jasl/workspace/ruby/start_up_private/(eval)
[2012/12/21 22:47:19][error] CLIError: Errno::ENOENT: No such file or directory - /Users/jasl/workspace/ruby/start_up_private/(eval)
[2012/12/21 22:47:22][error] CLIError: Errno::ENOENT: No such file or directory - /Users/jasl/workspace/ruby/start_up_private/(eval)
[2012/12/21 22:47:38][error] CLIError: Errno::ENOENT: No such file or directory - /Users/jasl/workspace/ruby/start_up_private/(eval)
[2012/12/21 22:48:30][error] CLIError: Errno::ENOENT: No such file or directory - ../application.yml
[2012/12/21 22:51:40][message] Performing Backup for 'Backup sql (backup_site)'!
[2012/12/21 22:51:40][message] [ backup 3.0.27 : ruby 1.9.3p327 (2012-11-10 revision 37606) [x86_64-darwin12.2.1] ]
[2012/12/21 22:51:40][message] Database::MySQL started dumping and archiving 'start_up_production'.
[2012/12/21 22:51:40][message] Using Compressor::Gzip for compression.
[2012/12/21 22:51:40][message]   Command: '/usr/bin/gzip'
[2012/12/21 22:51:40][message]   Ext: '.gz'
[2012/12/21 22:51:40][error] ModelError: Backup for Backup sql (backup_site) Failed!
[2012/12/21 22:51:40][error]   An Error occured which has caused this Backup to abort before completion.
[2012/12/21 22:51:40][error]   Reason: Database::PipelineError
[2012/12/21 22:51:40][error]   Database::MySQL Dump Failed!
[2012/12/21 22:51:40][error]   Pipeline STDERR Messages:
[2012/12/21 22:51:40][error]   (Note: may be interleaved if multiple commands returned error messages)
[2012/12/21 22:51:40][error]   
[2012/12/21 22:51:40][error]   mysqldump: Got error: 1045: Access denied for user 'root'@'localhost' (using password: YES) when trying to connect
[2012/12/21 22:51:40][error]   The following system errors were returned:
[2012/12/21 22:51:40][error]   Error: Errno::ENOENT: No such file or directory - 'mysqldump' returned exit code: 2
[2012/12/21 22:51:40][error] 
[2012/12/21 22:51:40][error] Backtrace:
[2012/12/21 22:51:40][error]   /Users/jasl/.rvm/gems/ruby-1.9.3-p327/gems/backup-3.0.27/lib/backup/database/mysql.rb:77:in `perform!'
[2012/12/21 22:51:40][error]   /Users/jasl/.rvm/gems/ruby-1.9.3-p327/gems/backup-3.0.27/lib/backup/model.rb:254:in `each'
[2012/12/21 22:51:40][error]   /Users/jasl/.rvm/gems/ruby-1.9.3-p327/gems/backup-3.0.27/lib/backup/model.rb:254:in `block in perform!'
[2012/12/21 22:51:40][error]   /Users/jasl/.rvm/gems/ruby-1.9.3-p327/gems/backup-3.0.27/lib/backup/model.rb:252:in `each'
[2012/12/21 22:51:40][error]   /Users/jasl/.rvm/gems/ruby-1.9.3-p327/gems/backup-3.0.27/lib/backup/model.rb:252:in `perform!'
[2012/12/21 22:51:40][error]   /Users/jasl/.rvm/gems/ruby-1.9.3-p327/gems/backup-3.0.27/lib/backup/cli/utility.rb:74:in `block in perform'
[2012/12/21 22:51:40][error]   /Users/jasl/.rvm/gems/ruby-1.9.3-p327/gems/backup-3.0.27/lib/backup/cli/utility.rb:65:in `each'
[2012/12/21 22:51:40][error]   /Users/jasl/.rvm/gems/ruby-1.9.3-p327/gems/backup-3.0.27/lib/backup/cli/utility.rb:65:in `perform'
[2012/12/21 22:51:40][error]   /Users/jasl/.rvm/gems/ruby-1.9.3-p327/gems/thor-0.16.0/lib/thor/task.rb:27:in `run'
[2012/12/21 22:51:40][error]   /Users/jasl/.rvm/gems/ruby-1.9.3-p327/gems/thor-0.16.0/lib/thor/invocation.rb:120:in `invoke_task'
[2012/12/21 22:51:40][error]   /Users/jasl/.rvm/gems/ruby-1.9.3-p327/gems/thor-0.16.0/lib/thor.rb:275:in `dispatch'
[2012/12/21 22:51:40][error]   /Users/jasl/.rvm/gems/ruby-1.9.3-p327/gems/thor-0.16.0/lib/thor/base.rb:425:in `start'
[2012/12/21 22:51:40][error]   /Users/jasl/.rvm/gems/ruby-1.9.3-p327/gems/backup-3.0.27/bin/backup:11:in `<top (required)>'
[2012/12/21 22:51:40][error]   /Users/jasl/.rvm/gems/ruby-1.9.3-p327/bin/backup:23:in `load'
[2012/12/21 22:51:40][error]   /Users/jasl/.rvm/gems/ruby-1.9.3-p327/bin/backup:23:in `<main>'
[2012/12/21 22:51:40][warning] CleanerError: Cleanup Warning
[2012/12/21 22:51:40][warning]   The temporary backup folder still contains files!
[2012/12/21 22:51:40][warning]   '/Users/jasl/workspace/ruby/start_up_private/config/backup/.tmp/backup_site'
[2012/12/21 22:51:40][warning]   This folder may contain completed Archives and/or Database backups.
[2012/12/21 22:51:40][warning]   
[2012/12/21 22:51:40][warning]   Make sure you check these files before the next scheduled backup for
[2012/12/21 22:51:40][warning]   'Backup sql (backup_site)'
[2012/12/21 22:51:40][warning]   These files will be removed at that time!
[2012/12/21 22:51:40][message] ModelError: If you have other Backup jobs (triggers) configured to run,
[2012/12/21 22:51:40][message]   Backup will now attempt to continue...
[2012/12/21 22:51:40][message] Notifier::Mail started notifying about the process.
